07/01/2019 02:01:31 PM  controller - INFO - [<Projects abf4d46e-a985-465e-b391-0a6d7c271120>, <Projects 34f34df5-29dd-4982-9540-c1e66457e1eb>, <Projects 7511ebd3-a60b-4fb0-a5b6-6551d44019b4>, <Projects 4a3b1209-78b5-4e32-94dc-1edfde14d39b>, <Projects 38992df0-a3bc-47c1-b13b-759cf9d78b83>, <Projects 862d8628-29c6-48c0-9303-8bfec1c98d56>]
07/01/2019 02:13:20 PM - INFO - /projects GET (all_projects_count): 6
07/01/2019 02:15:25 PM - INFO - /projects POST (data): {'name': '1', 'contract_id': UUID('d57ec1da-be2e-45f7-81df-90dd93855832')}
07/01/2019 02:15:25 PM - DEBUG - /projects POST (write_data) <Projects (transient 140560297103600)>
07/01/2019 02:22:18 PM - INFO - /projects/<id> PUT (contract_id) {'name': '1'}
07/01/2019 02:23:13 PM - INFO - /projects/<id> PUT (contract_id) {'name': '1'}
07/01/2019 02:23:43 PM - INFO - /projects/<id> PUT (contract_id) UnmarshalResult(data={'name': '1'}, errors={'contract_id': ['Not a valid UUID.']})
07/01/2019 02:24:23 PM - INFO - /projects/<id> PUT (contract_id) UnmarshalResult(data={'name': '1', 'contract_id': UUID('abf4d46e-a985-465e-b391-0a6d7c271124')}, errors={})
07/01/2019 02:24:41 PM - INFO - /projects/<id> PUT (contract_id) {'contract_id': UUID('abf4d46e-a985-465e-b391-0a6d7c271124'), 'name': '1'}
07/01/2019 02:25:54 PM - INFO - /projects/<id> PUT (contract_id) {'contract_id': UUID('abf4d46e-a985-465e-b391-0a6d7c271124'), 'name': '1'}
07/01/2019 02:30:59 PM - INFO - /projects/<id> PUT (contract_id) {'name': '1', 'contract_id': UUID('abf4d46e-a985-465e-b391-0a6d7c271124')}
07/01/2019 02:32:34 PM - INFO - /projects/<id> PUT (contract_id) {'name': '1', 'contract_id': UUID('abf4d46e-a985-465e-b391-0a6d7c271124')}
07/01/2019 02:32:46 PM - INFO - /projects/<id> PUT (contract_id) {'contract_id': UUID('abf4d46e-a985-465e-b391-0a6d7c271124'), 'name': '1'}
07/01/2019 02:36:08 PM - INFO - /projects/<id>/status PUT (update_status) {'status': '1'}
07/01/2019 02:37:20 PM - INFO - /projects/<id> PUT (contract_id) {'contract_id': UUID('abf4d46e-a985-465e-b391-0a6d7c271134')}
07/02/2019 01:38:39 PM - INFO - /projects GET (all_projects_count): 0
07/02/2019 02:37:09 PM - INFO - /projects GET (all_projects_count): 0
07/03/2019 06:58:38 AM - INFO - /projects GET (all_projects_count): 0
07/03/2019 08:50:15 AM - INFO - /projects GET (all_projects_count): 0
07/03/2019 06:23:53 PM - INFO - /projects GET (all_projects_count): 0
07/03/2019 07:41:08 PM - INFO - /projects GET (all_projects_count): 0
07/04/2019 05:50:18 AM - INFO - /projects GET (all_projects_count): 0
07/04/2019 05:50:34 AM - INFO - /projects GET (all_projects_count): 0
07/04/2019 06:04:50 AM - INFO - /projects GET (all_projects_count): 0
07/04/2019 06:05:18 AM - INFO - /projects GET (all_projects_count): 0
07/04/2019 07:11:58 AM - INFO - /projects POST (data): {'name': 'eugene', 'status': 'create_schema', 'contract_id': UUID('b8f441a0-d0b1-4b22-b16b-c1e718dab643')}
07/04/2019 07:11:58 AM - DEBUG - /projects POST (write_data) <Projects (transient 140660262226184)>
07/04/2019 07:19:17 AM - INFO - /projects GET (all_projects_count): 1
07/04/2019 07:19:17 AM - INFO - /projects GET (all_projects_count): 1
07/04/2019 07:19:17 AM - INFO - /projects POST (data): {'status': 'create_schema', 'name': 'eugene', 'contract_id': UUID('b8f441a0-d0b1-4b22-b16b-c1e718dab643')}
07/04/2019 07:19:17 AM - DEBUG - /projects POST (write_data) <Projects (transient 140487166580328)>
07/04/2019 07:20:12 AM - INFO - /projects GET (all_projects_count): 1
07/04/2019 07:20:12 AM - INFO - /projects GET (all_projects_count): 1
07/04/2019 07:20:12 AM - INFO - /projects POST (data): {'name': 'eugene', 'status': 'create_schema', 'contract_id': UUID('b8f441a0-d0b1-4b22-b16b-c1e718dab643')}
07/04/2019 07:20:12 AM - DEBUG - /projects POST (write_data) <Projects (transient 139878930621888)>
07/04/2019 07:21:31 AM - INFO - /projects GET (all_projects_count): 1
07/04/2019 07:21:31 AM - INFO - /projects GET (all_projects_count): 1
07/04/2019 07:21:31 AM - INFO - /projects POST (data): {'name': 'eugene', 'contract_id': UUID('b8f441a0-d0b1-4b22-b16b-c1e718dab643'), 'status': 'create_schema'}
07/04/2019 07:21:31 AM - DEBUG - /projects POST (write_data) <Projects (transient 140081282528648)>
07/04/2019 07:22:37 AM - INFO - /projects GET (all_projects_count): 1
07/04/2019 07:22:37 AM - INFO - /projects POST (data): {'name': 'eugene', 'contract_id': UUID('b8f441a0-d0b1-4b22-b16b-c1e718dab643'), 'status': 'create_schema'}
07/04/2019 07:22:37 AM - DEBUG - /projects POST (write_data) <Projects (transient 140101810172592)>
07/04/2019 07:23:28 AM - INFO - /projects GET (all_projects_count): 1
07/04/2019 07:23:28 AM - INFO - /projects POST (data): {'contract_id': UUID('b8f441a0-d0b1-4b22-b16b-c1e718dab641'), 'status': 'create_schema', 'name': 'eugene'}
07/04/2019 07:23:28 AM - DEBUG - /projects POST (write_data) <Projects (transient 139650484077232)>
07/04/2019 07:24:19 AM - INFO - /projects GET (all_projects_count): 2
07/04/2019 07:24:19 AM - INFO - /projects POST (data): {'contract_id': UUID('b8f441a0-d0b1-4b22-b16b-c1e718dab640'), 'name': 'eugene', 'status': 'create_schema'}
07/04/2019 07:24:19 AM - DEBUG - /projects POST (write_data) <Projects (transient 139743730779864)>
07/04/2019 07:27:34 AM - INFO - /projects GET (all_projects_count): 3
07/04/2019 07:27:34 AM - INFO - /projects POST (data): {'contract_id': UUID('08f441a0-d0b1-4b22-b16b-c1e718dab640'), 'status': 'create_schema', 'name': 'eugene'}
07/04/2019 07:27:34 AM - DEBUG - /projects POST (write_data) <Projects (transient 140367483176832)>
07/04/2019 07:28:57 AM - INFO - /projects GET (all_projects_count): 4
07/04/2019 07:28:57 AM - INFO - /projects POST (data): {'contract_id': UUID('18f441a0-d0b1-4b22-b16b-c1e718dab640'), 'status': 'create_schema', 'name': 'eugene'}
07/04/2019 07:28:57 AM - DEBUG - /projects POST (write_data) <Projects (transient 139854305209536)>
07/04/2019 08:13:22 AM - INFO - /projects GET (all_projects_count): 5
07/04/2019 08:13:22 AM - INFO - /projects POST (data): {'status': 'create_schema', 'name': 'eugene', 'contract_id': UUID('18f441a0-d0b1-4b22-b16b-c1e718dab640')}
07/04/2019 08:13:22 AM - DEBUG - /projects POST (write_data) <Projects (transient 139996263880184)>
07/04/2019 08:13:44 AM - INFO - /projects GET (all_projects_count): 5
07/04/2019 08:13:44 AM - INFO - /projects POST (data): {'contract_id': UUID('18f441a0-d0b1-4b22-b16b-c1e718dab64a'), 'name': 'eugene', 'status': 'create_schema'}
07/04/2019 08:13:44 AM - DEBUG - /projects POST (write_data) <Projects (transient 139918659130928)>
07/04/2019 08:15:03 AM - INFO - /projects GET (all_projects_count): 6
07/04/2019 08:15:03 AM - INFO - /projects POST (data): {'contract_id': UUID('18f441a0-d0b1-4b22-b16b-c1e718dab64a'), 'status': 'create_schema', 'name': 'eugene'}
07/04/2019 08:15:03 AM - DEBUG - /projects POST (write_data) <Projects (transient 140059280590216)>
07/04/2019 08:15:13 AM - INFO - /projects GET (all_projects_count): 6
07/04/2019 08:15:13 AM - INFO - /projects POST (data): {'status': 'create_schema', 'contract_id': UUID('18f441a0-d0b1-4b22-b16b-c1e718dab64b'), 'name': 'eugene'}
07/04/2019 08:15:13 AM - DEBUG - /projects POST (write_data) <Projects (transient 140272638133808)>
07/04/2019 08:15:39 AM - INFO - /projects GET (all_projects_count): 7
07/04/2019 08:15:39 AM - INFO - /projects POST (data): {'status': 'create_schema', 'contract_id': UUID('18f441a0-d0b1-4b22-b16b-c1e718dab64c'), 'name': 'eugene'}
07/04/2019 08:15:39 AM - DEBUG - /projects POST (write_data) <Projects (transient 140392164156696)>
07/04/2019 08:16:30 AM - INFO - /projects GET (all_projects_count): 8
07/04/2019 08:21:04 AM - INFO - /projects GET (all_projects_count): 8
07/04/2019 08:23:39 AM - INFO - /projects GET (all_projects_count): 8
07/04/2019 08:25:41 AM - INFO - /projects GET (all_projects_count): 8
07/04/2019 08:30:09 AM - INFO - /projects GET (all_projects_count): 8
07/04/2019 08:37:09 AM - INFO - /projects GET (all_projects_count): 8
07/04/2019 08:58:03 AM - INFO - /projects GET (all_projects_count): 8
07/04/2019 08:59:27 AM - INFO - /projects GET (all_projects_count): 8
07/04/2019 09:00:57 AM - INFO - /projects GET (all_projects_count): 8
07/04/2019 09:08:58 AM - INFO - /projects GET (all_projects_count): 8
07/04/2019 09:09:26 AM - INFO - /projects GET (all_projects_count): 8
